Vivado Simulator 2020.2
Copyright 1986-1999, 2001-2020 Xilinx, Inc. All Rights Reserved.
Running: D:/xilinx/Vivado/2020.2/bin/unwrapped/win64.o/xelab.exe -wto d2612655c2c9451da13773af3d3ea1dc --incr --debug typical --relax --mt 2 -L xil_defaultlib -L unisims_ver -L unimacro_ver -L secureip --snapshot top_sim_behav xil_defaultlib.top_sim xil_defaultlib.glbl -log elaborate.log 
Using 2 slave threads.
Starting static elaboration
Pass Through NonSizing Optimizer
WARNING: [VRFC 10-3091] actual bit length 32 differs from formal bit length 5 for port 's_axi_awaddr' [D:/Final_Year_Prject/Codes/8th Sem/parallel/Tut-5/src/fpga/tb/top_sim.v:74]
WARNING: [VRFC 10-3091] actual bit length 32 differs from formal bit length 3 for port 's_axi_awprot' [D:/Final_Year_Prject/Codes/8th Sem/parallel/Tut-5/src/fpga/tb/top_sim.v:75]
WARNING: [VRFC 10-3091] actual bit length 32 differs from formal bit length 5 for port 's_axi_araddr' [D:/Final_Year_Prject/Codes/8th Sem/parallel/Tut-5/src/fpga/tb/top_sim.v:85]
WARNING: [VRFC 10-3091] actual bit length 32 differs from formal bit length 3 for port 's_axi_arprot' [D:/Final_Year_Prject/Codes/8th Sem/parallel/Tut-5/src/fpga/tb/top_sim.v:86]
WARNING: [VRFC 10-3091] actual bit length 11 differs from formal bit length 10 for port 'radd' [D:/Final_Year_Prject/Codes/8th Sem/parallel/Tut-5/src/fpga/rtl/neuron.v:172]
WARNING: [VRFC 10-3091] actual bit length 480 differs from formal bit length 16 for port 'x_in' [D:/Final_Year_Prject/Codes/8th Sem/parallel/Tut-5/src/fpga/rtl/zynet.v:196]
WARNING: [VRFC 10-3091] actual bit length 480 differs from formal bit length 16 for port 'x_in' [D:/Final_Year_Prject/Codes/8th Sem/parallel/Tut-5/src/fpga/rtl/zynet.v:256]
WARNING: [VRFC 10-3091] actual bit length 160 differs from formal bit length 16 for port 'x_in' [D:/Final_Year_Prject/Codes/8th Sem/parallel/Tut-5/src/fpga/rtl/zynet.v:316]
WARNING: [VRFC 10-3091] actual bit length 10 differs from formal bit length 1 for port 'i_valid' [D:/Final_Year_Prject/Codes/8th Sem/parallel/Tut-5/src/fpga/rtl/zynet.v:378]
Completed static elaboration
Starting simulation data flow analysis
WARNING: [XSIM 43-4099] "D:/Final_Year_Prject/Codes/8th Sem/parallel/Tut-5/src/fpga/rtl/Layer_1.v" Line 1. Module Layer_1(sigmoidSize=5) doesn't have a timescale but at least one module in design has a timescale.
WARNING: [XSIM 43-4099] "D:/Final_Year_Prject/Codes/8th Sem/parallel/Tut-5/src/fpga/rtl/Layer_2.v" Line 1. Module Layer_2(numWeight=30,layerNum=2,sigmoidSize=5) doesn't have a timescale but at least one module in design has a timescale.
WARNING: [XSIM 43-4099] "D:/Final_Year_Prject/Codes/8th Sem/parallel/Tut-5/src/fpga/rtl/Layer_3.v" Line 1. Module Layer_3(NN=10,numWeight=30,layerNum=3,sigmoidSize=5) doesn't have a timescale but at least one module in design has a timescale.
WARNING: [XSIM 43-4099] "D:/Final_Year_Prject/Codes/8th Sem/parallel/Tut-5/src/fpga/rtl/Layer_4.v" Line 1. Module Layer_4(NN=10,numWeight=10,layerNum=4,sigmoidSize=5) doesn't have a timescale but at least one module in design has a timescale.
WARNING: [XSIM 43-4099] "D:/Final_Year_Prject/Codes/8th Sem/parallel/Tut-5/src/fpga/rtl/Layer_1.v" Line 1. Module Layer_1(sigmoidSize=5) doesn't have a timescale but at least one module in design has a timescale.
WARNING: [XSIM 43-4099] "D:/Final_Year_Prject/Codes/8th Sem/parallel/Tut-5/src/fpga/rtl/Layer_2.v" Line 1. Module Layer_2(numWeight=30,layerNum=2,sigmoidSize=5) doesn't have a timescale but at least one module in design has a timescale.
WARNING: [XSIM 43-4099] "D:/Final_Year_Prject/Codes/8th Sem/parallel/Tut-5/src/fpga/rtl/Layer_3.v" Line 1. Module Layer_3(NN=10,numWeight=30,layerNum=3,sigmoidSize=5) doesn't have a timescale but at least one module in design has a timescale.
WARNING: [XSIM 43-4099] "D:/Final_Year_Prject/Codes/8th Sem/parallel/Tut-5/src/fpga/rtl/Layer_4.v" Line 1. Module Layer_4(NN=10,numWeight=10,layerNum=4,sigmoidSize=5) doesn't have a timescale but at least one module in design has a timescale.
Completed simulation data flow analysis
Time Resolution for simulation is 1ps
Compiling module xil_defaultlib.axi_lite_wrapper_default
Compiling module xil_defaultlib.Weight_Memory(numWeight=784,neur...
Compiling module xil_defaultlib.ReLU
Compiling module xil_defaultlib.neuron(layerNo=1,weightIntWidth=...
Compiling module xil_defaultlib.Weight_Memory(numWeight=784,neur...
Compiling module xil_defaultlib.neuron(layerNo=1,neuronNo=1,weig...
Compiling module xil_defaultlib.Weight_Memory(numWeight=784,neur...
Compiling module xil_defaultlib.neuron(layerNo=1,neuronNo=2,weig...
Compiling module xil_defaultlib.Weight_Memory(numWeight=784,neur...
Compiling module xil_defaultlib.neuron(layerNo=1,neuronNo=3,weig...
Compiling module xil_defaultlib.Weight_Memory(numWeight=784,neur...
Compiling module xil_defaultlib.neuron(layerNo=1,neuronNo=4,weig...
Compiling module xil_defaultlib.Weight_Memory(numWeight=784,weig...
Compiling module xil_defaultlib.neuron(layerNo=1,neuronNo=5,weig...
Compiling module xil_defaultlib.Weight_Memory(numWeight=784,neur...
Compiling module xil_defaultlib.neuron(layerNo=1,neuronNo=6,weig...
Compiling module xil_defaultlib.Weight_Memory(numWeight=784,neur...
Compiling module xil_defaultlib.neuron(layerNo=1,neuronNo=7,weig...
Compiling module xil_defaultlib.Weight_Memory(numWeight=784,neur...
Compiling module xil_defaultlib.neuron(layerNo=1,neuronNo=8,weig...
Compiling module xil_defaultlib.Weight_Memory(numWeight=784,neur...
Compiling module xil_defaultlib.neuron(layerNo=1,neuronNo=9,weig...
Compiling module xil_defaultlib.Weight_Memory(numWeight=784,neur...
Compiling module xil_defaultlib.neuron(layerNo=1,neuronNo=10,wei...
Compiling module xil_defaultlib.Weight_Memory(numWeight=784,neur...
Compiling module xil_defaultlib.neuron(layerNo=1,neuronNo=11,wei...
Compiling module xil_defaultlib.Weight_Memory(numWeight=784,neur...
Compiling module xil_defaultlib.neuron(layerNo=1,neuronNo=12,wei...
Compiling module xil_defaultlib.Weight_Memory(numWeight=784,neur...
Compiling module xil_defaultlib.neuron(layerNo=1,neuronNo=13,wei...
Compiling module xil_defaultlib.Weight_Memory(numWeight=784,neur...
Compiling module xil_defaultlib.neuron(layerNo=1,neuronNo=14,wei...
Compiling module xil_defaultlib.Weight_Memory(numWeight=784,neur...
Compiling module xil_defaultlib.neuron(layerNo=1,neuronNo=15,wei...
Compiling module xil_defaultlib.Weight_Memory(numWeight=784,neur...
Compiling module xil_defaultlib.neuron(layerNo=1,neuronNo=16,wei...
Compiling module xil_defaultlib.Weight_Memory(numWeight=784,neur...
Compiling module xil_defaultlib.neuron(layerNo=1,neuronNo=17,wei...
Compiling module xil_defaultlib.Weight_Memory(numWeight=784,neur...
Compiling module xil_defaultlib.neuron(layerNo=1,neuronNo=18,wei...
Compiling module xil_defaultlib.Weight_Memory(numWeight=784,neur...
Compiling module xil_defaultlib.neuron(layerNo=1,neuronNo=19,wei...
Compiling module xil_defaultlib.Weight_Memory(numWeight=784,neur...
Compiling module xil_defaultlib.neuron(layerNo=1,neuronNo=20,wei...
Compiling module xil_defaultlib.Weight_Memory(numWeight=784,neur...
Compiling module xil_defaultlib.neuron(layerNo=1,neuronNo=21,wei...
Compiling module xil_defaultlib.Weight_Memory(numWeight=784,neur...
Compiling module xil_defaultlib.neuron(layerNo=1,neuronNo=22,wei...
Compiling module xil_defaultlib.Weight_Memory(numWeight=784,neur...
Compiling module xil_defaultlib.neuron(layerNo=1,neuronNo=23,wei...
Compiling module xil_defaultlib.Weight_Memory(numWeight=784,neur...
Compiling module xil_defaultlib.neuron(layerNo=1,neuronNo=24,wei...
Compiling module xil_defaultlib.Weight_Memory(numWeight=784,neur...
Compiling module xil_defaultlib.neuron(layerNo=1,neuronNo=25,wei...
Compiling module xil_defaultlib.Weight_Memory(numWeight=784,neur...
Compiling module xil_defaultlib.neuron(layerNo=1,neuronNo=26,wei...
Compiling module xil_defaultlib.Weight_Memory(numWeight=784,neur...
Compiling module xil_defaultlib.neuron(layerNo=1,neuronNo=27,wei...
Compiling module xil_defaultlib.Weight_Memory(numWeight=784,neur...
Compiling module xil_defaultlib.neuron(layerNo=1,neuronNo=28,wei...
Compiling module xil_defaultlib.Weight_Memory(numWeight=784,neur...
Compiling module xil_defaultlib.neuron(layerNo=1,neuronNo=29,wei...
Compiling module xil_defaultlib.Layer_1(sigmoidSize=5)
Compiling module xil_defaultlib.Weight_Memory(numWeight=30,neuro...
Compiling module xil_defaultlib.neuron(layerNo=2,numWeight=30,we...
Compiling module xil_defaultlib.Weight_Memory(numWeight=30,neuro...
Compiling module xil_defaultlib.neuron(layerNo=2,neuronNo=1,numW...
Compiling module xil_defaultlib.Weight_Memory(numWeight=30,neuro...
Compiling module xil_defaultlib.neuron(layerNo=2,neuronNo=2,numW...
Compiling module xil_defaultlib.Weight_Memory(numWeight=30,neuro...
Compiling module xil_defaultlib.neuron(layerNo=2,neuronNo=3,numW...
Compiling module xil_defaultlib.Weight_Memory(numWeight=30,neuro...
Compiling module xil_defaultlib.neuron(layerNo=2,neuronNo=4,numW...
Compiling module xil_defaultlib.Weight_Memory(numWeight=30,layer...
Compiling module xil_defaultlib.neuron(layerNo=2,neuronNo=5,numW...
Compiling module xil_defaultlib.Weight_Memory(numWeight=30,neuro...
Compiling module xil_defaultlib.neuron(layerNo=2,neuronNo=6,numW...
Compiling module xil_defaultlib.Weight_Memory(numWeight=30,neuro...
Compiling module xil_defaultlib.neuron(layerNo=2,neuronNo=7,numW...
Compiling module xil_defaultlib.Weight_Memory(numWeight=30,neuro...
Compiling module xil_defaultlib.neuron(layerNo=2,neuronNo=8,numW...
Compiling module xil_defaultlib.Weight_Memory(numWeight=30,neuro...
Compiling module xil_defaultlib.neuron(layerNo=2,neuronNo=9,numW...
Compiling module xil_defaultlib.Weight_Memory(numWeight=30,neuro...
Compiling module xil_defaultlib.neuron(layerNo=2,neuronNo=10,num...
Compiling module xil_defaultlib.Weight_Memory(numWeight=30,neuro...
Compiling module xil_defaultlib.neuron(layerNo=2,neuronNo=11,num...
Compiling module xil_defaultlib.Weight_Memory(numWeight=30,neuro...
Compiling module xil_defaultlib.neuron(layerNo=2,neuronNo=12,num...
Compiling module xil_defaultlib.Weight_Memory(numWeight=30,neuro...
Compiling module xil_defaultlib.neuron(layerNo=2,neuronNo=13,num...
Compiling module xil_defaultlib.Weight_Memory(numWeight=30,neuro...
Compiling module xil_defaultlib.neuron(layerNo=2,neuronNo=14,num...
Compiling module xil_defaultlib.Weight_Memory(numWeight=30,neuro...
Compiling module xil_defaultlib.neuron(layerNo=2,neuronNo=15,num...
Compiling module xil_defaultlib.Weight_Memory(numWeight=30,neuro...
Compiling module xil_defaultlib.neuron(layerNo=2,neuronNo=16,num...
Compiling module xil_defaultlib.Weight_Memory(numWeight=30,neuro...
Compiling module xil_defaultlib.neuron(layerNo=2,neuronNo=17,num...
Compiling module xil_defaultlib.Weight_Memory(numWeight=30,neuro...
Compiling module xil_defaultlib.neuron(layerNo=2,neuronNo=18,num...
Compiling module xil_defaultlib.Weight_Memory(numWeight=30,neuro...
Compiling module xil_defaultlib.neuron(layerNo=2,neuronNo=19,num...
Compiling module xil_defaultlib.Weight_Memory(numWeight=30,neuro...
Compiling module xil_defaultlib.neuron(layerNo=2,neuronNo=20,num...
Compiling module xil_defaultlib.Weight_Memory(numWeight=30,neuro...
Compiling module xil_defaultlib.neuron(layerNo=2,neuronNo=21,num...
Compiling module xil_defaultlib.Weight_Memory(numWeight=30,neuro...
Compiling module xil_defaultlib.neuron(layerNo=2,neuronNo=22,num...
Compiling module xil_defaultlib.Weight_Memory(numWeight=30,neuro...
Compiling module xil_defaultlib.neuron(layerNo=2,neuronNo=23,num...
Compiling module xil_defaultlib.Weight_Memory(numWeight=30,neuro...
Compiling module xil_defaultlib.neuron(layerNo=2,neuronNo=24,num...
Compiling module xil_defaultlib.Weight_Memory(numWeight=30,neuro...
Compiling module xil_defaultlib.neuron(layerNo=2,neuronNo=25,num...
Compiling module xil_defaultlib.Weight_Memory(numWeight=30,neuro...
Compiling module xil_defaultlib.neuron(layerNo=2,neuronNo=26,num...
Compiling module xil_defaultlib.Weight_Memory(numWeight=30,neuro...
Compiling module xil_defaultlib.neuron(layerNo=2,neuronNo=27,num...
Compiling module xil_defaultlib.Weight_Memory(numWeight=30,neuro...
Compiling module xil_defaultlib.neuron(layerNo=2,neuronNo=28,num...
Compiling module xil_defaultlib.Weight_Memory(numWeight=30,neuro...
Compiling module xil_defaultlib.neuron(layerNo=2,neuronNo=29,num...
Compiling module xil_defaultlib.Layer_2(numWeight=30,layerNum=2,...
Compiling module xil_defaultlib.Weight_Memory(numWeight=30,neuro...
Compiling module xil_defaultlib.neuron(layerNo=3,numWeight=30,we...
Compiling module xil_defaultlib.Weight_Memory(numWeight=30,neuro...
Compiling module xil_defaultlib.neuron(layerNo=3,neuronNo=1,numW...
Compiling module xil_defaultlib.Weight_Memory(numWeight=30,neuro...
Compiling module xil_defaultlib.neuron(layerNo=3,neuronNo=2,numW...
Compiling module xil_defaultlib.Weight_Memory(numWeight=30,neuro...
Compiling module xil_defaultlib.neuron(layerNo=3,neuronNo=3,numW...
Compiling module xil_defaultlib.Weight_Memory(numWeight=30,neuro...
Compiling module xil_defaultlib.neuron(layerNo=3,neuronNo=4,numW...
Compiling module xil_defaultlib.Weight_Memory(numWeight=30,layer...
Compiling module xil_defaultlib.neuron(layerNo=3,neuronNo=5,numW...
Compiling module xil_defaultlib.Weight_Memory(numWeight=30,neuro...
Compiling module xil_defaultlib.neuron(layerNo=3,neuronNo=6,numW...
Compiling module xil_defaultlib.Weight_Memory(numWeight=30,neuro...
Compiling module xil_defaultlib.neuron(layerNo=3,neuronNo=7,numW...
Compiling module xil_defaultlib.Weight_Memory(numWeight=30,neuro...
Compiling module xil_defaultlib.neuron(layerNo=3,neuronNo=8,numW...
Compiling module xil_defaultlib.Weight_Memory(numWeight=30,neuro...
Compiling module xil_defaultlib.neuron(layerNo=3,neuronNo=9,numW...
Compiling module xil_defaultlib.Layer_3(NN=10,numWeight=30,layer...
Compiling module xil_defaultlib.Weight_Memory(numWeight=10,neuro...
Compiling module xil_defaultlib.neuron(layerNo=4,numWeight=10,we...
Compiling module xil_defaultlib.Weight_Memory(numWeight=10,neuro...
Compiling module xil_defaultlib.neuron(layerNo=4,neuronNo=1,numW...
Compiling module xil_defaultlib.Weight_Memory(numWeight=10,neuro...
Compiling module xil_defaultlib.neuron(layerNo=4,neuronNo=2,numW...
Compiling module xil_defaultlib.Weight_Memory(numWeight=10,neuro...
Compiling module xil_defaultlib.neuron(layerNo=4,neuronNo=3,numW...
Compiling module xil_defaultlib.Weight_Memory(numWeight=10,neuro...
Compiling module xil_defaultlib.neuron(layerNo=4,neuronNo=4,numW...
Compiling module xil_defaultlib.Weight_Memory(numWeight=10,layer...
Compiling module xil_defaultlib.neuron(layerNo=4,neuronNo=5,numW...
Compiling module xil_defaultlib.Weight_Memory(numWeight=10,neuro...
Compiling module xil_defaultlib.neuron(layerNo=4,neuronNo=6,numW...
Compiling module xil_defaultlib.Weight_Memory(numWeight=10,neuro...
Compiling module xil_defaultlib.neuron(layerNo=4,neuronNo=7,numW...
Compiling module xil_defaultlib.Weight_Memory(numWeight=10,neuro...
Compiling module xil_defaultlib.neuron(layerNo=4,neuronNo=8,numW...
Compiling module xil_defaultlib.Weight_Memory(numWeight=10,neuro...
Compiling module xil_defaultlib.neuron(layerNo=4,neuronNo=9,numW...
Compiling module xil_defaultlib.Layer_4(NN=10,numWeight=10,layer...
Compiling module xil_defaultlib.maxFinder
Compiling module xil_defaultlib.zyNet
Compiling module xil_defaultlib.top_sim
Compiling module xil_defaultlib.glbl
Built simulation snapshot top_sim_behav
